<?xml version="1.0" encoding="UTF-8"?>
<!-- Generated by org.testng.reporters.JUnitReportReporter -->
<testsuite hostname="LAPTOP-T63LL3UT" failures="0" tests="2" name="testscript.LogoutTest" time="11.944" errors="0" timestamp="2025-09-11T10:06:48 IST" skipped="0">
  <testcase classname="testscript.LogoutTest" name="logoutFromLoginPageTest" time="5.922"/>
  <testcase classname="testscript.LogoutTest" name="logoutFromLoginPageTest" time="6.022"/>
</testsuite> <!-- testscript.LogoutTest -->
