<?xml version="1.0" encoding="UTF-8"?>
<!-- Generated by org.testng.reporters.JUnitReportReporter -->
<testsuite hostname="LAPTOP-T63LL3UT" failures="0" tests="1" name="testscript.Logintest" time="6.649" errors="0" timestamp="2025-09-11T09:36:40 IST" skipped="0">
  <testcase classname="testscript.Logintest" name="verifyUserCanLoginWithCorrectUsernameAndPassword" time="6.649"/>
</testsuite> <!-- testscript.Logintest -->
