<?xml version="1.0" encoding="UTF-8"?>
<!-- Generated by org.testng.reporters.JUnitReportReporter -->
<testsuite hostname="LAPTOP-T63LL3UT" failures="0" tests="1" name="testscript.ManageContactTest" time="15.437" errors="0" timestamp="2025-09-22T09:41:58 IST" skipped="0">
  <testcase classname="testscript.ManageContactTest" name="updateContactInfoInManageCategory" time="15.437"/>
</testsuite> <!-- testscript.ManageContactTest -->
