<?xml version="1.0" encoding="UTF-8"?>
<!-- Generated by org.testng.reporters.JUnitReportReporter -->
<testsuite hostname="LAPTOP-T63LL3UT" failures="0" tests="1" name="testscript.ManageCategoryTest" time="4.368" errors="0" timestamp="2025-09-11T11:22:45 IST" skipped="0">
  <testcase classname="testscript.ManageCategoryTest" name="addNewCategory" time="4.368"/>
</testsuite> <!-- testscript.ManageCategoryTest -->
