<?xml version="1.0" encoding="UTF-8"?>
<!-- Generated by org.testng.reporters.JUnitReportReporter -->
<testsuite hostname="LAPTOP-T63LL3UT" failures="0" tests="1" name="testscript.ManageContactTest" time="7.504" errors="0" timestamp="2025-09-06T16:22:07 IST" skipped="0">
  <testcase classname="testscript.ManageContactTest" name="updateContactInfo" time="7.504"/>
</testsuite> <!-- testscript.ManageContactTest -->
