<?xml version="1.0" encoding="UTF-8"?>
<!-- Generated by org.testng.reporters.JUnitReportReporter -->
<testsuite hostname="LAPTOP-T63LL3UT" failures="0" tests="1" name="testscript.ManageFooterTextTest" time="6.491" errors="0" timestamp="2025-09-06T16:33:21 IST" skipped="0">
  <testcase classname="testscript.ManageFooterTextTest" name="editFooterText" time="6.491"/>
</testsuite> <!-- testscript.ManageFooterTextTest -->
