<?xml version="1.0" encoding="UTF-8"?>
<!-- Generated by org.testng.reporters.JUnitReportReporter -->
<testsuite hostname="LAPTOP-T63LL3UT" failures="0" tests="1" name="testscript.AdminUsersTest" time="7.007" errors="0" timestamp="2025-09-16T10:25:28 IST" skipped="0">
  <testcase classname="testscript.AdminUsersTest" name="updateDetailsOfAnExistingAdminInAdminUsersTest" time="7.007"/>
</testsuite> <!-- testscript.AdminUsersTest -->
